<?xml version="1.0" encoding="UTF-8"?>
<testsuite name="StudentDatabaseTest" tests="1" skipped="0" failures="0" errors="0" timestamp="2020-05-07T22:25:31" hostname="NOAHSCOMP" time="0.014">
  <properties/>
  <testcase name="canCreateNewStudent()" classname="StudentDatabaseTest" time="0.014"/>
  <system-out><![CDATA[]]></system-out>
  <system-err><![CDATA[]]></system-err>
</testsuite>
